0 info it worked if it ends with ok
1 verbose cli [ 'C:\\Program Files\\nodejs\\\\node.exe',
1 verbose cli   'C:\\Program Files\\nodejs\\node_modules\\npm\\bin\\npm-cli.js',
1 verbose cli   'run',
1 verbose cli   'deploy' ]
2 info using npm@2.5.1
3 info using node@v0.12.0
4 verbose node symlink C:\Program Files\nodejs\\node.exe
5 verbose run-script [ 'predeploy', 'deploy', 'postdeploy' ]
6 info predeploy @
7 info deploy @
8 verbose unsafe-perm in lifecycle true
9 info @ Failed to exec deploy script
10 verbose stack Error: @ deploy: `./deploy.py`
10 verbose stack Exit status 1
10 verbose stack     at EventEmitter.<anonymous> (C:\Program Files\nodejs\node_modules\npm\lib\utils\lifecycle.js:213:16)
10 verbose stack     at EventEmitter.emit (events.js:110:17)
10 verbose stack     at ChildProcess.<anonymous> (C:\Program Files\nodejs\node_modules\npm\lib\utils\spawn.js:14:12)
10 verbose stack     at ChildProcess.emit (events.js:110:17)
10 verbose stack     at maybeClose (child_process.js:1008:16)
10 verbose stack     at Process.ChildProcess._handle.onexit (child_process.js:1080:5)
11 verbose pkgid @
12 verbose cwd C:\wamp\www\assassins-landing2
13 error Windows_NT 6.3.9600
14 error argv "C:\\Program Files\\nodejs\\\\node.exe" "C:\\Program Files\\nodejs\\node_modules\\npm\\bin\\npm-cli.js" "run" "deploy"
15 error node v0.12.0
16 error npm  v2.5.1
17 error code ELIFECYCLE
18 error @ deploy: `./deploy.py`
18 error Exit status 1
19 error Failed at the @ deploy script './deploy.py'.
19 error This is most likely a problem with the  package,
19 error not with npm itself.
19 error Tell the author that this fails on your system:
19 error     ./deploy.py
19 error You can get their info via:
19 error     npm owner ls
19 error There is likely additional logging output above.
20 verbose exit [ 1, true ]
